# JRE version: Java(TM) SE Runtime Environment (17.0.10+11) (build 17.0.10+11-LTS-240)
# Java VM: Java HotSpot(TM) 64-Bit Server VM (17.0.10+11-LTS-240, mixed mode, sharing, tiered, compressed oops, compressed class ptrs, g1 gc, linux-amd64)
GC Precious Log:
 CPUs: 8 total, 8 available
 Memory: 7809M
 Large Page Support: Disabled
 NUMA Support: Disabled
 Compressed Oops: Enabled (32-bit)
 Heap Region Size: 1M
 Heap Min Capacity: 8M
 Heap Initial Capacity: 124M
 Heap Max Capacity: 1954M
 Pre-touch: Disabled
 Parallel Workers: 8
 Concurrent Workers: 2
 Concurrent Refinement Workers: 8
 Periodic GC: Disabled
Heap:
 garbage-first heap   total 56320K, used 34614K [0x0000000085e00000, 0x0000000100000000)
  region size 1024K, 6 young (6144K), 1 survivors (1024K)
 Metaspace       used 67740K, committed 68416K, reserved 1114112K
  class space    used 9154K, committed 9472K, reserved 1048576K
GC Heap History (20 events):
Event: 40,033 GC heap before
{Heap before GC invocations=25 (full 0):
 garbage-first heap   total 55296K, used 31389K [0x0000000085e00000, 0x0000000100000000)
  region size 1024K, 3 young (3072K), 2 survivors (2048K)
 Metaspace       used 64286K, committed 64896K, reserved 1114112K
  class space    used 8799K, committed 9088K, reserved 1048576K
}
Event: 40,036 GC heap after
{Heap after GC invocations=26 (full 0):
 garbage-first heap   total 55296K, used 30245K [0x0000000085e00000, 0x0000000100000000)
  region size 1024K, 1 young (1024K), 1 survivors (1024K)
 Metaspace       used 64286K, committed 64896K, reserved 1114112K
  class space    used 8799K, committed 9088K, reserved 1048576K
}
Event: 55,033 GC heap before
{Heap before GC invocations=26 (full 0):
 garbage-first heap   total 55296K, used 43557K [0x0000000085e00000, 0x0000000100000000)
  region size 1024K, 14 young (14336K), 1 survivors (1024K)
 Metaspace       used 65945K, committed 66560K, reserved 1114112K
  class space    used 8987K, committed 9280K, reserved 1048576K
}
Event: 55,035 GC heap after
{Heap after GC invocations=27 (full 0):
 garbage-first heap   total 55296K, used 30663K [0x0000000085e00000, 0x0000000100000000)
  region size 1024K, 1 young (1024K), 1 survivors (1024K)
 Metaspace       used 65945K, committed 66560K, reserved 1114112K
  class space    used 8987K, committed 9280K, reserved 1048576K
}
Event: 80,025 GC heap before
{Heap before GC invocations=28 (full 0):
 garbage-first heap   total 56320K, used 44999K [0x0000000085e00000, 0x0000000100000000)
  region size 1024K, 15 young (15360K), 1 survivors (1024K)
 Metaspace       used 66317K, committed 66944K, reserved 1114112K
  class space    used 9028K, committed 9280K, reserved 1048576K
}
Event: 80,027 GC heap after
{Heap after GC invocations=29 (full 0):
 garbage-first heap   total 56320K, used 30952K [0x0000000085e00000, 0x0000000100000000)
  region size 1024K, 2 young (2048K), 2 survivors (2048K)
 Metaspace       used 66317K, committed 66944K, reserved 1114112K
  class space    used 9028K, committed 9280K, reserved 1048576K
}
Event: 80,049 GC heap before
{Heap before GC invocations=29 (full 0):
 garbage-first heap   total 56320K, used 31976K [0x0000000085e00000, 0x0000000100000000)
  region size 1024K, 3 young (3072K), 2 survivors (2048K)
 Metaspace       used 66322K, committed 66944K, reserved 1114112K
  class space    used 9028K, committed 9280K, reserved 1048576K
}
Event: 80,052 GC heap after
{Heap after GC invocations=30 (full 0):
 garbage-first heap   total 56320K, used 30570K [0x0000000085e00000, 0x0000000100000000)
  region size 1024K, 1 young (1024K), 1 survivors (1024K)
 Metaspace       used 66322K, committed 66944K, reserved 1114112K
  class space    used 9028K, committed 9280K, reserved 1048576K
}
Event: 110,036 GC heap before
{Heap before GC invocations=30 (full 0):
 garbage-first heap   total 56320K, used 43882K [0x0000000085e00000, 0x0000000100000000)
  region size 1024K, 15 young (15360K), 1 survivors (1024K)
 Metaspace       used 66441K, committed 67008K, reserved 1114112K
  class space    used 9028K, committed 9280K, reserved 1048576K
}
Event: 110,038 GC heap after
{Heap after GC invocations=31 (full 0):
 garbage-first heap   total 56320K, used 30700K [0x0000000085e00000, 0x0000000100000000)
  region size 1024K, 1 young (1024K), 1 survivors (1024K)
 Metaspace       used 66441K, committed 67008K, reserved 1114112K
  class space    used 9028K, committed 9280K, reserved 1048576K
}
Event: 135,713 GC heap before
{Heap before GC invocations=31 (full 0):
 garbage-first heap   total 56320K, used 45036K [0x0000000085e00000, 0x0000000100000000)
  region size 1024K, 15 young (15360K), 1 survivors (1024K)
 Metaspace       used 66468K, committed 67008K, reserved 1114112K
  class space    used 9028K, committed 9280K, reserved 1048576K
}
Event: 135,715 GC heap after
{Heap after GC invocations=32 (full 0):
 garbage-first heap   total 56320K, used 30555K [0x0000000085e00000, 0x0000000100000000)
  region size 1024K, 1 young (1024K), 1 survivors (1024K)
 Metaspace       used 66468K, committed 67008K, reserved 1114112K
  class space    used 9028K, committed 9280K, reserved 1048576K
}
Event: 165,875 GC heap before
{Heap before GC invocations=32 (full 0):
 garbage-first heap   total 56320K, used 45915K [0x0000000085e00000, 0x0000000100000000)
  region size 1024K, 16 young (16384K), 1 survivors (1024K)
 Metaspace       used 66549K, committed 67072K, reserved 1114112K
  class space    used 9028K, committed 9280K, reserved 1048576K
}
Event: 165,878 GC heap after
{Heap after GC invocations=33 (full 0):
 garbage-first heap   total 56320K, used 30686K [0x0000000085e00000, 0x0000000100000000)
  region size 1024K, 1 young (1024K), 1 survivors (1024K)
 Metaspace       used 66549K, committed 67072K, reserved 1114112K
  class space    used 9028K, committed 9280K, reserved 1048576K
}
Event: 195,872 GC heap before
{Heap before GC invocations=34 (full 0):
 garbage-first heap   total 56320K, used 46046K [0x0000000085e00000, 0x0000000100000000)
  region size 1024K, 16 young (16384K), 1 survivors (1024K)
 Metaspace       used 66569K, committed 67136K, reserved 1114112K
  class space    used 9028K, committed 9280K, reserved 1048576K
}
Event: 195,874 GC heap after
{Heap after GC invocations=35 (full 0):
 garbage-first heap   total 56320K, used 30676K [0x0000000085e00000, 0x0000000100000000)
  region size 1024K, 1 young (1024K), 1 survivors (1024K)
 Metaspace       used 66569K, committed 67136K, reserved 1114112K
  class space    used 9028K, committed 9280K, reserved 1048576K
}
Event: 200,852 GC heap before
{Heap before GC invocations=35 (full 0):
 garbage-first heap   total 56320K, used 31700K [0x0000000085e00000, 0x0000000100000000)
  region size 1024K, 2 young (2048K), 1 survivors (1024K)
 Metaspace       used 66574K, committed 67136K, reserved 1114112K
  class space    used 9028K, committed 9280K, reserved 1048576K
}
Event: 200,854 GC heap after
{Heap after GC invocations=36 (full 0):
 garbage-first heap   total 56320K, used 30469K [0x0000000085e00000, 0x0000000100000000)
  region size 1024K, 1 young (1024K), 1 survivors (1024K)
 Metaspace       used 66574K, committed 67136K, reserved 1114112K
  class space    used 9028K, committed 9280K, reserved 1048576K
}
Event: 323,650 GC heap before
{Heap before GC invocations=36 (full 0):
 garbage-first heap   total 56320K, used 44805K [0x0000000085e00000, 0x0000000100000000)
  region size 1024K, 16 young (16384K), 1 survivors (1024K)
 Metaspace       used 66785K, committed 67392K, reserved 1114112K
  class space    used 9052K, committed 9344K, reserved 1048576K
}
Event: 323,653 GC heap after
{Heap after GC invocations=37 (full 0):
 garbage-first heap   total 56320K, used 30518K [0x0000000085e00000, 0x0000000100000000)
  region size 1024K, 1 young (1024K), 1 survivors (1024K)
 Metaspace       used 66785K, committed 67392K, reserved 1114112K
  class space    used 9052K, committed 9344K, reserved 1048576K
}

