# JRE version: Java(TM) SE Runtime Environment (17.0.10+11) (build 17.0.10+11-LTS-240)
# Java VM: Java HotSpot(TM) 64-Bit Server VM (17.0.10+11-LTS-240, mixed mode, sharing, tiered, compressed oops, compressed class ptrs, g1 gc, linux-amd64)
GC Precious Log:
 CPUs: 8 total, 8 available
 Memory: 7809M
 Large Page Support: Disabled
 NUMA Support: Disabled
 Compressed Oops: Enabled (32-bit)
 Heap Region Size: 1M
 Heap Min Capacity: 8M
 Heap Initial Capacity: 124M
 Heap Max Capacity: 1954M
 Pre-touch: Disabled
 Parallel Workers: 8
 Concurrent Workers: 2
 Concurrent Refinement Workers: 8
 Periodic GC: Disabled
Heap:
 garbage-first heap   total 55296K, used 35460K [0x0000000085e00000, 0x0000000100000000)
  region size 1024K, 9 young (9216K), 2 survivors (2048K)
 Metaspace       used 65824K, committed 66368K, reserved 1114112K
  class space    used 8985K, committed 9216K, reserved 1048576K
GC Heap History (20 events):
Event: 15,820 GC heap before
{Heap before GC invocations=9 (full 0):
 garbage-first heap   total 51200K, used 26081K [0x0000000085e00000, 0x0000000100000000)
  region size 1024K, 8 young (8192K), 1 survivors (1024K)
 Metaspace       used 35798K, committed 36160K, reserved 1114112K
  class space    used 4727K, committed 4928K, reserved 1048576K
}
Event: 15,823 GC heap after
{Heap after GC invocations=10 (full 0):
 garbage-first heap   total 51200K, used 20199K [0x0000000085e00000, 0x0000000100000000)
  region size 1024K, 2 young (2048K), 2 survivors (2048K)
 Metaspace       used 35798K, committed 36160K, reserved 1114112K
  class space    used 4727K, committed 4928K, reserved 1048576K
}
Event: 17,779 GC heap before
{Heap before GC invocations=11 (full 0):
 garbage-first heap   total 51200K, used 38631K [0x0000000085e00000, 0x0000000100000000)
  region size 1024K, 20 young (20480K), 2 survivors (2048K)
 Metaspace       used 43583K, committed 44032K, reserved 1114112K
  class space    used 5675K, committed 5888K, reserved 1048576K
}
Event: 17,782 GC heap after
{Heap after GC invocations=12 (full 0):
 garbage-first heap   total 51200K, used 21927K [0x0000000085e00000, 0x0000000100000000)
  region size 1024K, 3 young (3072K), 3 survivors (3072K)
 Metaspace       used 43583K, committed 44032K, reserved 1114112K
  class space    used 5675K, committed 5888K, reserved 1048576K
}
Event: 18,678 GC heap before
{Heap before GC invocations=13 (full 0):
 garbage-first heap   total 51200K, used 38311K [0x0000000085e00000, 0x0000000100000000)
  region size 1024K, 20 young (20480K), 3 survivors (3072K)
 Metaspace       used 47511K, committed 48000K, reserved 1114112K
  class space    used 6223K, committed 6464K, reserved 1048576K
}
Event: 18,681 GC heap after
{Heap after GC invocations=14 (full 0):
 garbage-first heap   total 51200K, used 23346K [0x0000000085e00000, 0x0000000100000000)
  region size 1024K, 2 young (2048K), 2 survivors (2048K)
 Metaspace       used 47511K, committed 48000K, reserved 1114112K
  class space    used 6223K, committed 6464K, reserved 1048576K
}
Event: 19,236 GC heap before
{Heap before GC invocations=14 (full 0):
 garbage-first heap   total 51200K, used 39730K [0x0000000085e00000, 0x0000000100000000)
  region size 1024K, 18 young (18432K), 2 survivors (2048K)
 Metaspace       used 52459K, committed 52864K, reserved 1114112K
  class space    used 7093K, committed 7296K, reserved 1048576K
}
Event: 19,238 GC heap after
{Heap after GC invocations=15 (full 0):
 garbage-first heap   total 51200K, used 23613K [0x0000000085e00000, 0x0000000100000000)
  region size 1024K, 2 young (2048K), 2 survivors (2048K)
 Metaspace       used 52459K, committed 52864K, reserved 1114112K
  class space    used 7093K, committed 7296K, reserved 1048576K
}
Event: 20,892 GC heap before
{Heap before GC invocations=16 (full 0):
 garbage-first heap   total 51200K, used 38973K [0x0000000085e00000, 0x0000000100000000)
  region size 1024K, 18 young (18432K), 2 survivors (2048K)
 Metaspace       used 55658K, committed 56192K, reserved 1114112K
  class space    used 7570K, committed 7808K, reserved 1048576K
}
Event: 20,895 GC heap after
{Heap after GC invocations=17 (full 0):
 garbage-first heap   total 51200K, used 25007K [0x0000000085e00000, 0x0000000100000000)
  region size 1024K, 2 young (2048K), 2 survivors (2048K)
 Metaspace       used 55658K, committed 56192K, reserved 1114112K
  class space    used 7570K, committed 7808K, reserved 1048576K
}
Event: 21,286 GC heap before
{Heap before GC invocations=17 (full 0):
 garbage-first heap   total 51200K, used 40367K [0x0000000085e00000, 0x0000000100000000)
  region size 1024K, 17 young (17408K), 2 survivors (2048K)
 Metaspace       used 57561K, committed 58048K, reserved 1114112K
  class space    used 7834K, committed 8064K, reserved 1048576K
}
Event: 21,290 GC heap after
{Heap after GC invocations=18 (full 0):
 garbage-first heap   total 51200K, used 25700K [0x0000000085e00000, 0x0000000100000000)
  region size 1024K, 2 young (2048K), 2 survivors (2048K)
 Metaspace       used 57561K, committed 58048K, reserved 1114112K
  class space    used 7834K, committed 8064K, reserved 1048576K
}
Event: 21,964 GC heap before
{Heap before GC invocations=19 (full 0):
 garbage-first heap   total 51200K, used 41060K [0x0000000085e00000, 0x0000000100000000)
  region size 1024K, 17 young (17408K), 2 survivors (2048K)
 Metaspace       used 59283K, committed 59776K, reserved 1114112K
  class space    used 8085K, committed 8320K, reserved 1048576K
}
Event: 21,967 GC heap after
{Heap after GC invocations=20 (full 0):
 garbage-first heap   total 51200K, used 27290K [0x0000000085e00000, 0x0000000100000000)
  region size 1024K, 3 young (3072K), 3 survivors (3072K)
 Metaspace       used 59283K, committed 59776K, reserved 1114112K
  class space    used 8085K, committed 8320K, reserved 1048576K
}
Event: 22,971 GC heap before
{Heap before GC invocations=20 (full 0):
 garbage-first heap   total 51200K, used 39578K [0x0000000085e00000, 0x0000000100000000)
  region size 1024K, 15 young (15360K), 3 survivors (3072K)
 Metaspace       used 60657K, committed 61184K, reserved 1114112K
  class space    used 8297K, committed 8576K, reserved 1048576K
}
Event: 22,974 GC heap after
{Heap after GC invocations=21 (full 0):
 garbage-first heap   total 51200K, used 28469K [0x0000000085e00000, 0x0000000100000000)
  region size 1024K, 2 young (2048K), 2 survivors (2048K)
 Metaspace       used 60657K, committed 61184K, reserved 1114112K
  class space    used 8297K, committed 8576K, reserved 1048576K
}
Event: 23,531 GC heap before
{Heap before GC invocations=22 (full 0):
 garbage-first heap   total 53248K, used 39733K [0x0000000085e00000, 0x0000000100000000)
  region size 1024K, 13 young (13312K), 2 survivors (2048K)
 Metaspace       used 61843K, committed 62336K, reserved 1114112K
  class space    used 8482K, committed 8704K, reserved 1048576K
}
Event: 23,534 GC heap after
{Heap after GC invocations=23 (full 0):
 garbage-first heap   total 53248K, used 29506K [0x0000000085e00000, 0x0000000100000000)
  region size 1024K, 2 young (2048K), 2 survivors (2048K)
 Metaspace       used 61843K, committed 62336K, reserved 1114112K
  class space    used 8482K, committed 8704K, reserved 1048576K
}
Event: 252,190 GC heap before
{Heap before GC invocations=23 (full 0):
 garbage-first heap   total 53248K, used 40770K [0x0000000085e00000, 0x0000000100000000)
  region size 1024K, 14 young (14336K), 2 survivors (2048K)
 Metaspace       used 64542K, committed 65088K, reserved 1114112K
  class space    used 8824K, committed 9088K, reserved 1048576K
}
Event: 252,195 GC heap after
{Heap after GC invocations=24 (full 0):
 garbage-first heap   total 53248K, used 30340K [0x0000000085e00000, 0x0000000100000000)
  region size 1024K, 2 young (2048K), 2 survivors (2048K)
 Metaspace       used 64542K, committed 65088K, reserved 1114112K
  class space    used 8824K, committed 9088K, reserved 1048576K
}

